TN:
SF:src/App.vue
FN:93,render
FN:104,(anonymous_1)
FN:109,(anonymous_2)
FN:114,(anonymous_3)
FN:118,(anonymous_4)
FN:123,(anonymous_5)
FN:128,(anonymous_6)
FN:129,(anonymous_7)
FNF:8
FNH:0
FNDA:0,render
FNDA:0,(anonymous_1)
FNDA:0,(anonymous_2)
FNDA:0,(anonymous_3)
FNDA:0,(anonymous_4)
FNDA:0,(anonymous_5)
FNDA:0,(anonymous_6)
FNDA:0,(anonymous_7)
DA:4,0
DA:5,0
DA:8,0
DA:62,0
DA:64,0
DA:67,0
DA:68,0
DA:69,0
DA:72,0
DA:75,0
DA:78,0
DA:81,0
DA:84,0
DA:87,0
DA:90,0
DA:94,0
DA:95,0
DA:96,0
DA:97,0
DA:98,0
DA:104,0
DA:109,0
DA:114,0
DA:118,0
DA:123,0
DA:128,0
DA:129,0
DA:133,0
LF:28
LH:0
BRDA:98,0,0,0
BRDA:98,0,1,0
BRDA:104,1,0,0
BRDA:104,1,1,0
BRDA:109,2,0,0
BRDA:109,2,1,0
BRDA:114,3,0,0
BRDA:114,3,1,0
BRDA:115,4,0,0
BRDA:115,4,1,0
BRDA:120,5,0,0
BRDA:120,5,1,0
BRDA:125,6,0,0
BRDA:125,6,1,0
BRDA:129,7,0,0
BRDA:129,7,1,0
BRF:16
BRH:0
end_of_record
TN:
SF:src/components/ErrorBoundary.vue
FN:97,render
FN:99,(anonymous_1)
FN:102,(anonymous_2)
FNF:3
FNH:0
FNDA:0,render
FNDA:0,(anonymous_1)
FNDA:0,(anonymous_2)
DA:4,0
DA:7,0
DA:80,0
DA:82,0
DA:85,0
DA:86,0
DA:87,0
DA:91,0
DA:94,0
DA:98,0
DA:99,0
DA:102,0
DA:107,0
LF:13
LH:0
BRDA:98,0,0,0
BRDA:98,0,1,0
BRDA:98,1,0,0
BRDA:98,1,1,0
BRDA:99,2,0,0
BRDA:99,2,1,0
BRDA:99,3,0,0
BRDA:99,3,1,0
BRDA:102,4,0,0
BRDA:102,4,1,0
BRDA:102,5,0,0
BRDA:102,5,1,0
BRF:12
BRH:0
end_of_record
TN:
SF:src/components/HelloWorld.vue
FN:24,render
FNF:1
FNH:0
FNDA:0,render
DA:4,0
DA:7,0
DA:8,0
DA:14,0
DA:16,0
DA:19,0
DA:20,0
DA:21,0
DA:25,0
DA:26,0
LF:10
LH:0
BRDA:25,0,0,0
BRDA:25,0,1,0
BRF:2
BRH:0
end_of_record
TN:
SF:src/components/ImageGallery.vue
FN:201,render
FN:206,(anonymous_1)
FN:211,(anonymous_2)
FN:214,(anonymous_3)
FN:218,(anonymous_4)
FN:220,(anonymous_5)
FN:227,(anonymous_6)
FN:235,(anonymous_7)
FN:238,(anonymous_8)
FN:241,(anonymous_9)
FNF:10
FNH:0
FNDA:0,render
FNDA:0,(anonymous_1)
FNDA:0,(anonymous_2)
FNDA:0,(anonymous_3)
FNDA:0,(anonymous_4)
FNDA:0,(anonymous_5)
FNDA:0,(anonymous_6)
FNDA:0,(anonymous_7)
FNDA:0,(anonymous_8)
FNDA:0,(anonymous_9)
DA:4,0
DA:5,0
DA:8,0
DA:148,0
DA:150,0
DA:153,0
DA:154,0
DA:155,0
DA:158,0
DA:161,0
DA:164,0
DA:168,0
DA:172,0
DA:176,0
DA:179,0
DA:180,0
DA:183,0
DA:184,0
DA:187,0
DA:190,0
DA:193,0
DA:194,0
DA:197,0
DA:200,0
DA:202,0
DA:206,0
DA:211,0
DA:214,0
DA:218,0
DA:221,0
DA:227,0
DA:235,0
DA:241,0
DA:250,0
LF:34
LH:0
BRDA:202,0,0,0
BRDA:202,0,1,0
BRDA:206,1,0,0
BRDA:206,1,1,0
BRDA:211,2,0,0
BRDA:211,2,1,0
BRDA:212,3,0,0
BRDA:212,3,1,0
BRDA:212,4,0,0
BRDA:212,4,1,0
BRDA:212,5,0,0
BRDA:212,5,1,0
BRDA:212,6,0,0
BRDA:212,6,1,0
BRDA:212,7,0,0
BRDA:212,7,1,0
BRDA:214,8,0,0
BRDA:214,8,1,0
BRDA:214,9,0,0
BRDA:214,9,1,0
BRDA:218,10,0,0
BRDA:218,10,1,0
BRDA:218,11,0,0
BRDA:218,11,1,0
BRDA:232,12,0,0
BRDA:232,12,1,0
BRDA:235,13,0,0
BRDA:235,13,1,0
BRDA:235,14,0,0
BRDA:235,14,1,0
BRDA:238,15,0,0
BRDA:238,15,1,0
BRDA:241,16,0,0
BRDA:241,16,1,0
BRDA:241,17,0,0
BRDA:241,17,1,0
BRF:36
BRH:0
end_of_record
TN:
SF:src/components/ImageGeneration.vue
FN:321,render
FN:323,(anonymous_1)
FN:329,(anonymous_2)
FN:335,(anonymous_3)
FN:346,(anonymous_4)
FN:355,(anonymous_5)
FNF:6
FNH:0
FNDA:0,render
FNDA:0,(anonymous_1)
FNDA:0,(anonymous_2)
FNDA:0,(anonymous_3)
FNDA:0,(anonymous_4)
FNDA:0,(anonymous_5)
DA:4,0
DA:5,0
DA:8,0
DA:236,0
DA:238,0
DA:241,0
DA:242,0
DA:243,0
DA:246,0
DA:249,0
DA:253,0
DA:257,0
DA:261,0
DA:262,0
DA:263,0
DA:266,0
DA:269,0
DA:273,0
DA:276,0
DA:280,0
DA:283,0
DA:286,0
DA:287,0
DA:291,0
DA:295,0
DA:298,0
DA:302,0
DA:306,0
DA:309,0
DA:310,0
DA:314,0
DA:317,0
DA:322,0
DA:323,0
DA:324,0
DA:329,0
DA:335,0
DA:346,0
DA:355,0
DA:361,0
LF:40
LH:0
BRDA:323,0,0,0
BRDA:323,0,1,0
BRDA:323,1,0,0
BRDA:323,1,1,0
BRDA:323,2,0,0
BRDA:323,2,1,0
BRDA:323,3,0,0
BRDA:323,3,1,0
BRDA:333,4,0,0
BRDA:333,4,1,0
BRDA:334,5,0,0
BRDA:334,5,1,0
BRDA:335,6,0,0
BRDA:335,6,1,0
BRDA:335,7,0,0
BRDA:335,7,1,0
BRDA:337,8,0,0
BRDA:337,8,1,0
BRDA:345,9,0,0
BRDA:345,9,1,0
BRDA:346,10,0,0
BRDA:346,10,1,0
BRDA:346,11,0,0
BRDA:346,11,1,0
BRDA:347,12,0,0
BRDA:347,12,1,0
BRDA:349,13,0,0
BRDA:349,13,1,0
BRDA:349,14,0,0
BRDA:349,14,1,0
BRDA:349,15,0,0
BRDA:349,15,1,0
BRDA:349,16,0,0
BRDA:349,16,1,0
BRDA:349,17,0,0
BRDA:349,17,1,0
BRDA:355,18,0,0
BRDA:355,18,1,0
BRDA:355,19,0,0
BRDA:355,19,1,0
BRDA:357,20,0,0
BRDA:357,20,1,0
BRDA:357,21,0,0
BRDA:357,21,1,0
BRDA:357,22,0,0
BRDA:357,22,1,0
BRDA:360,23,0,0
BRDA:360,23,1,0
BRDA:360,24,0,0
BRDA:360,24,1,0
BRDA:360,25,0,0
BRDA:360,25,1,0
BRDA:360,26,0,0
BRDA:360,26,1,0
BRDA:360,27,0,0
BRDA:360,27,1,0
BRF:56
BRH:0
end_of_record
TN:
SF:src/components/ImageUpload.vue
FN:252,render
FN:257,(anonymous_1)
FN:258,(anonymous_2)
FN:259,(anonymous_3)
FN:260,(anonymous_4)
FN:261,(anonymous_5)
FN:265,(anonymous_6)
FN:274,(anonymous_7)
FNF:8
FNH:0
FNDA:0,render
FNDA:0,(anonymous_1)
FNDA:0,(anonymous_2)
FNDA:0,(anonymous_3)
FNDA:0,(anonymous_4)
FNDA:0,(anonymous_5)
FNDA:0,(anonymous_6)
FNDA:0,(anonymous_7)
DA:4,0
DA:5,0
DA:8,0
DA:9,0
DA:207,0
DA:209,0
DA:212,0
DA:213,0
DA:214,0
DA:217,0
DA:221,0
DA:225,0
DA:228,0
DA:232,0
DA:235,0
DA:236,0
DA:239,0
DA:242,0
DA:245,0
DA:248,0
DA:253,0
DA:257,0
DA:258,0
DA:260,0
DA:261,0
DA:265,0
DA:275,0
DA:284,0
LF:28
LH:0
BRDA:253,0,0,0
BRDA:253,0,1,0
BRDA:257,1,0,0
BRDA:257,1,1,0
BRDA:257,2,0,0
BRDA:257,2,1,0
BRDA:258,3,0,0
BRDA:258,3,1,0
BRDA:258,4,0,0
BRDA:258,4,1,0
BRDA:259,5,0,0
BRDA:259,5,1,0
BRDA:260,6,0,0
BRDA:260,6,1,0
BRDA:260,7,0,0
BRDA:260,7,1,0
BRDA:261,8,0,0
BRDA:261,8,1,0
BRDA:261,9,0,0
BRDA:261,9,1,0
BRDA:265,10,0,0
BRDA:265,10,1,0
BRDA:265,11,0,0
BRDA:265,11,1,0
BRDA:269,12,0,0
BRDA:269,12,1,0
BRDA:269,13,0,0
BRDA:269,13,1,0
BRDA:274,14,0,0
BRDA:274,14,1,0
BRDA:274,15,0,0
BRDA:274,15,1,0
BRDA:283,16,0,0
BRDA:283,16,1,0
BRF:34
BRH:0
end_of_record
TN:
SF:src/components/ModelConfig.vue
FN:436,render
FN:439,(anonymous_1)
FN:445,(anonymous_2)
FN:460,(anonymous_3)
FN:467,(anonymous_4)
FN:469,(anonymous_5)
FN:481,(anonymous_6)
FN:489,(anonymous_7)
FN:503,(anonymous_8)
FN:519,(anonymous_9)
FN:533,(anonymous_10)
FNF:11
FNH:0
FNDA:0,render
FNDA:0,(anonymous_1)
FNDA:0,(anonymous_2)
FNDA:0,(anonymous_3)
FNDA:0,(anonymous_4)
FNDA:0,(anonymous_5)
FNDA:0,(anonymous_6)
FNDA:0,(anonymous_7)
FNDA:0,(anonymous_8)
FNDA:0,(anonymous_9)
FNDA:0,(anonymous_10)
DA:4,0
DA:5,0
DA:8,0
DA:9,0
DA:10,0
DA:342,0
DA:344,0
DA:347,0
DA:348,0
DA:349,0
DA:352,0
DA:355,0
DA:358,0
DA:361,0
DA:362,0
DA:365,0
DA:366,0
DA:369,0
DA:373,0
DA:376,0
DA:380,0
DA:383,0
DA:386,0
DA:389,0
DA:392,0
DA:396,0
DA:399,0
DA:403,0
DA:406,0
DA:410,0
DA:413,0
DA:416,0
DA:419,0
DA:422,0
DA:426,0
DA:429,0
DA:430,0
DA:433,0
DA:437,0
DA:438,0
DA:439,0
DA:445,0
DA:464,0
DA:467,0
DA:471,0
DA:481,0
DA:489,0
DA:503,0
DA:519,0
DA:533,0
DA:550,0
LF:51
LH:0
BRDA:438,0,0,0
BRDA:438,0,1,0
BRDA:439,1,0,0
BRDA:439,1,1,0
BRDA:439,2,0,0
BRDA:439,2,1,0
BRDA:441,3,0,0
BRDA:441,3,1,0
BRDA:445,4,0,0
BRDA:445,4,1,0
BRDA:464,5,0,0
BRDA:464,5,1,0
BRDA:477,6,0,0
BRDA:477,6,1,0
BRDA:477,7,0,0
BRDA:477,7,1,0
BRDA:481,8,0,0
BRDA:481,8,1,0
BRDA:487,9,0,0
BRDA:487,9,1,0
BRDA:489,10,0,0
BRDA:489,10,1,0
BRDA:497,11,0,0
BRDA:497,11,1,0
BRDA:499,12,0,0
BRDA:499,12,1,0
BRDA:499,13,0,0
BRDA:499,13,1,0
BRDA:503,14,0,0
BRDA:503,14,1,0
BRDA:507,15,0,0
BRDA:507,15,1,0
BRDA:515,16,0,0
BRDA:515,16,1,0
BRDA:515,17,0,0
BRDA:515,17,1,0
BRDA:519,18,0,0
BRDA:519,18,1,0
BRDA:523,19,0,0
BRDA:523,19,1,0
BRDA:531,20,0,0
BRDA:531,20,1,0
BRDA:533,21,0,0
BRDA:533,21,1,0
BRDA:541,22,0,0
BRDA:541,22,1,0
BRDA:543,23,0,0
BRDA:543,23,1,0
BRDA:546,24,0,0
BRDA:546,24,1,0
BRDA:547,25,0,0
BRDA:547,25,1,0
BRDA:547,26,0,0
BRDA:547,26,1,0
BRF:54
BRH:0
end_of_record
TN:
SF:src/utils/api.js
FN:18,(anonymous_0)
FN:22,(anonymous_1)
FN:29,(anonymous_2)
FN:32,(anonymous_3)
FN:51,(anonymous_4)
FN:56,(anonymous_5)
FN:69,(anonymous_6)
FN:74,(anonymous_7)
FN:79,(anonymous_8)
FN:84,(anonymous_9)
FN:89,(anonymous_10)
FNF:11
FNH:0
FNDA:0,(anonymous_0)
FNDA:0,(anonymous_1)
FNDA:0,(anonymous_2)
FNDA:0,(anonymous_3)
FNDA:0,(anonymous_4)
FNDA:0,(anonymous_5)
FNDA:0,(anonymous_6)
FNDA:0,(anonymous_7)
FNDA:0,(anonymous_8)
FNDA:0,(anonymous_9)
FNDA:0,(anonymous_10)
DA:4,0
DA:7,0
DA:17,0
DA:20,0
DA:23,0
DA:28,0
DA:30,0
DA:33,0
DA:42,0
DA:44,0
DA:52,0
DA:57,0
DA:58,0
DA:60,0
DA:70,0
DA:75,0
DA:80,0
DA:85,0
DA:90,0
LF:19
LH:0
BRDA:34,0,0,0
BRDA:34,0,1,0
BRDA:35,1,0,0
BRDA:35,1,1,0
BRDA:36,2,0,0
BRDA:36,2,1,0
BRDA:37,3,0,0
BRDA:37,3,1,0
BRF:8
BRH:0
end_of_record
